2026-03-16 19:01:56,971	INFO worker.py:2023 -- Started a local Ray instance.
[36m(Experiment pid=2097404)[0m No GPU available, running on CPU
[36m(Experiment pid=2097404)[0m Attempting to load config from: /home/matt/Desktop/ray/aide-parallel-public/tasks/algotune/vendor/AlgoTune/AlgoTuner/config/config.yaml
[36m(Experiment pid=2097404)[0m Successfully loaded config from: /home/matt/Desktop/ray/aide-parallel-public/tasks/algotune/vendor/AlgoTune/AlgoTuner/config/config.yaml
[36m(Experiment pid=2097403)[0m No GPU available, running on CPU[32m [repeated 3x across cluster] (Ray deduplicates logs by default. Set RAY_DEDUP_LOGS=0 to disable log deduplication, or see https://docs.ray.io/en/master/ray-observability/user-guides/configure-logging.html#log-deduplication for more options.)[0m
[36m(Experiment pid=2097404)[0m ERROR:root:[isolated_worker] *** CRITICAL BUG DETECTED ***
[36m(Experiment pid=2097404)[0m ERROR:root:[isolated_worker] Warmup and timed problems are COMPLETELY IDENTICAL!
[36m(Experiment pid=2097404)[0m ERROR:root:[isolated_worker] This explains the impossible 0.05ms timing!
[36m(Experiment pid=2097404)[0m ERROR:root:[isolated_worker] Solver is hitting cache from warmup run!
[36m(Experiment pid=2097402)[0m Attempting to load config from: /home/matt/Desktop/ray/aide-parallel-public/tasks/algotune/vendor/AlgoTune/AlgoTuner/config/config.yaml[32m [repeated 6x across cluster][0m
[36m(Experiment pid=2097405)[0m Successfully loaded config from: /home/matt/Desktop/ray/aide-parallel-public/tasks/algotune/vendor/AlgoTune/AlgoTuner/config/config.yaml[32m [repeated 5x across cluster][0m
[36m(Experiment pid=2097403)[0m ERROR:root:[isolated_worker] *** CRITICAL BUG DETECTED ***[32m [repeated 6x across cluster][0m
[36m(Experiment pid=2097403)[0m ERROR:root:[isolated_worker] Warmup and timed problems are COMPLETELY IDENTICAL![32m [repeated 6x across cluster][0m
[36m(Experiment pid=2097403)[0m ERROR:root:[isolated_worker] This explains the impossible 0.05ms timing![32m [repeated 6x across cluster][0m
[36m(Experiment pid=2097403)[0m ERROR:root:[isolated_worker] Solver is hitting cache from warmup run![32m [repeated 6x across cluster][0m
[36m(Experiment pid=2097403)[0m Attempting to load config from: /home/matt/Desktop/ray/aide-parallel-public/tasks/algotune/vendor/AlgoTune/AlgoTuner/config/config.yaml[32m [repeated 4x across cluster][0m
[36m(Experiment pid=2097403)[0m Successfully loaded config from: /home/matt/Desktop/ray/aide-parallel-public/tasks/algotune/vendor/AlgoTune/AlgoTuner/config/config.yaml[32m [repeated 5x across cluster][0m
Traceback (most recent call last):
  File "/home/matt/Desktop/ray/aide-parallel-public/src/aide_runner.py", line 970, in <module>
    result_payload = main(
                     ^^^^^
  File "/home/matt/Desktop/ray/aide-parallel-public/src/aide_runner.py", line 674, in main
    ranked_results, experiment_actors = run_experiments(
                                        ^^^^^^^^^^^^^^^^
  File "/home/matt/Desktop/ray/aide-parallel-public/src/aide_runner.py", line 532, in run_experiments
    result = ray.get(ref)
             ^^^^^^^^^^^^
  File "/home/matt/Desktop/ray/aide_parallel/venv-algotune/lib/python3.12/site-packages/ray/_private/auto_init_hook.py", line 22, in auto_init_wrapper
    return fn(*args, **kwargs)
           ^^^^^^^^^^^^^^^^^^^
  File "/home/matt/Desktop/ray/aide_parallel/venv-algotune/lib/python3.12/site-packages/ray/_private/client_mode_hook.py", line 104, in wrapper
    return func(*args, **kwargs)
           ^^^^^^^^^^^^^^^^^^^^^
  File "/home/matt/Desktop/ray/aide_parallel/venv-algotune/lib/python3.12/site-packages/ray/_private/worker.py", line 2972, in get
    values, debugger_breakpoint = worker.get_objects(
                                  ^^^^^^^^^^^^^^^^^^^
  File "/home/matt/Desktop/ray/aide_parallel/venv-algotune/lib/python3.12/site-packages/ray/_private/worker.py", line 1033, in get_objects
    raise value
ray.exceptions.ActorDiedError: The actor died unexpectedly before finishing this task.
	class_name: Experiment
	actor_id: 1dedd1ce8f8382663ed4b27201000000
	pid: 2097405
	namespace: f48766fb-5793-4616-ad69-6db9608f5e67
	ip: 192.168.0.105
The actor is dead because its worker process has died. Worker exit type: SYSTEM_ERROR Worker exit detail: Worker exits unexpectedly. Worker exits with an exit code None. Traceback (most recent call last):
  File "python/ray/_raylet.pyx", line 1715, in ray._raylet.execute_task
  File "python/ray/_raylet.pyx", line 1826, in ray._raylet.execute_task
  File "python/ray/_raylet.pyx", line 1722, in ray._raylet.execute_task
  File "python/ray/_raylet.pyx", line 1665, in ray._raylet.execute_task.function_executor
  File "/home/matt/Desktop/ray/aide_parallel/venv-algotune/lib/python3.12/site-packages/ray/_private/function_manager.py", line 693, in actor_method_executor
    return method(__ray_actor, *args, **kwargs)
           ^^^^^^^^^^^^^^^^^^^^^^^^^^^^^^^^^^^^
  File "/home/matt/Desktop/ray/aide_parallel/venv-algotune/lib/python3.12/site-packages/ray/util/tracing/tracing_helper.py", line 461, in _resume_span
    return method(self, *_args, **_kwargs)
           ^^^^^^^^^^^^^^^^^^^^^^^^^^^^^^^
  File "/home/matt/Desktop/ray/aide-parallel-public/src/aide_runner.py", line 235, in run
    exp.agent.step(exec_callback=exp.interpreter.run)
  File "/home/matt/Desktop/ray/aide-parallel-public/aideml/aide/agent.py", line 491, in step
    exec_result=exec_callback(result_node.code, True),
                ^^^^^^^^^^^^^^^^^^^^^^^^^^^^^^^^^^^^^
  File "/home/matt/Desktop/ray/aide-parallel-public/aideml/aide/interpreter.py", line 240, in run
    self.create_process()
  File "/home/matt/Desktop/ray/aide-parallel-public/aideml/aide/interpreter.py", line 191, in create_process
    self.code_inq, self.result_outq, self.event_outq = Queue(), Queue(), Queue()
                                                       ^^^^^^^
  File "/usr/lib/python3.12/multiprocessing/context.py", line 103, in Queue
    return Queue(maxsize, ctx=self.get_context())
           ^^^^^^^^^^^^^^^^^^^^^^^^^^^^^^^^^^^^^^
  File "/usr/lib/python3.12/multiprocessing/queues.py", line 43, in __init__
    self._rlock = ctx.Lock()
                  ^^^^^^^^^^
  File "/usr/lib/python3.12/multiprocessing/context.py", line 68, in Lock
    return Lock(ctx=self.get_context())
           ^^^^^^^^^^^^^^^^^^^^^^^^^^^^
  File "/usr/lib/python3.12/multiprocessing/synchronize.py", line 169, in __init__
    SemLock.__init__(self, SEMAPHORE, 1, 1, ctx=ctx)
  File "/usr/lib/python3.12/multiprocessing/synchronize.py", line 57, in __init__
    sl = self._semlock = _multiprocessing.SemLock(
                         ^^^^^^^^^^^^^^^^^^^^^^^^^
OSError: [Errno 12] Cannot allocate memory

During handling of the above exception, another exception occurred:

Traceback (most recent call last):
  File "python/ray/_raylet.pyx", line 2164, in ray._raylet.task_execution_handler
  File "python/ray/_raylet.pyx", line 2023, in ray._raylet.execute_task_with_cancellation_handler
  File "python/ray/_raylet.pyx", line 1667, in ray._raylet.execute_task
  File "python/ray/_raylet.pyx", line 1668, in ray._raylet.execute_task
  File "python/ray/_raylet.pyx", line 1917, in ray._raylet.execute_task
  File "python/ray/_raylet.pyx", line 926, in ray._raylet.store_task_errors
  File "python/ray/_raylet.pyx", line 4129, in ray._raylet.CoreWorker.store_task_outputs
  File "/home/matt/Desktop/ray/aide_parallel/venv-algotune/lib/python3.12/site-packages/ray/_private/serialization.py", line 722, in serialize
    return self._serialize_to_msgpack(value)
           ^^^^^^^^^^^^^^^^^^^^^^^^^^^^^^^^^
  File "/home/matt/Desktop/ray/aide_parallel/venv-algotune/lib/python3.12/site-packages/ray/_private/serialization.py", line 644, in _serialize_to_msgpack
    msgpack_data = MessagePackSerializer.dumps(value, _python_serializer)
                   ^^^^^^^^^^^^^^^^^^^^^^^^^^^^^^^^^^^^^^^^^^^^^^^^^^^^^^
  File "python/ray/includes/serialization.pxi", line 175, in ray._raylet.MessagePackSerializer.dumps
  File "/home/matt/Desktop/ray/aide_parallel/venv-algotune/lib/python3.12/site-packages/msgpack/__init__.py", line 36, in packb
    return Packer(**kwargs).pack(o)
           ^^^^^^^^^^^^^^^^
  File "msgpack/_packer.pyx", line 118, in msgpack._cmsgpack.Packer.__cinit__
MemoryError: Unable to allocate internal buffer.
An unexpected internal error occurred while the worker was executing a task.
