2026-03-16 19:07:28,812	INFO worker.py:1837 -- Connecting to existing Ray cluster at address: 192.168.0.105:40210...
2026-03-16 19:07:28,827	INFO worker.py:2023 -- Connected to Ray cluster.
[36m(Experiment pid=2161667)[0m No GPU available, running on CPU
[36m(Experiment pid=2161667)[0m Attempting to load config from: /home/matt/Desktop/ray/aide-parallel-public/tasks/algotune/vendor/AlgoTune/AlgoTuner/config/config.yaml
[36m(Experiment pid=2161670)[0m No GPU available, running on CPU[32m [repeated 3x across cluster] (Ray deduplicates logs by default. Set RAY_DEDUP_LOGS=0 to disable log deduplication, or see https://docs.ray.io/en/master/ray-observability/user-guides/configure-logging.html#log-deduplication for more options.)[0m
[36m(Experiment pid=2161667)[0m Successfully loaded config from: /home/matt/Desktop/ray/aide-parallel-public/tasks/algotune/vendor/AlgoTune/AlgoTuner/config/config.yaml
[2026-03-16 19:07:58,867 E 2161507 2161642] core_worker_process.cc:837: Failed to establish connection to the metrics exporter agent. Metrics will not be exported. Exporter agent status: RpcError: Running out of retries to initialize the metrics agent. rpc_code: 14
[36m(Experiment pid=2161667)[0m [2026-03-16 19:07:59,845 E 2161667 2161714] core_worker_process.cc:837: Failed to establish connection to the metrics exporter agent. Metrics will not be exported. Exporter agent status: RpcError: Running out of retries to initialize the metrics agent. rpc_code: 14
[36m(Experiment pid=2161668)[0m Attempting to load config from: /home/matt/Desktop/ray/aide-parallel-public/tasks/algotune/vendor/AlgoTune/AlgoTuner/config/config.yaml[32m [repeated 3x across cluster][0m
[36m(Experiment pid=2161668)[0m Successfully loaded config from: /home/matt/Desktop/ray/aide-parallel-public/tasks/algotune/vendor/AlgoTune/AlgoTuner/config/config.yaml[32m [repeated 3x across cluster][0m
[36m(Experiment pid=2161670)[0m [2026-03-16 19:08:00,089 E 2161670 2161880] core_worker_process.cc:837: Failed to establish connection to the metrics exporter agent. Metrics will not be exported. Exporter agent status: RpcError: Running out of retries to initialize the metrics agent. rpc_code: 14[32m [repeated 3x across cluster][0m
Traceback (most recent call last):
  File "/home/matt/Desktop/ray/aide-parallel-public/src/aide_runner.py", line 970, in <module>
    result_payload = main(
                     ^^^^^
  File "/home/matt/Desktop/ray/aide-parallel-public/src/aide_runner.py", line 674, in main
    ranked_results, experiment_actors = run_experiments(
                                        ^^^^^^^^^^^^^^^^
  File "/home/matt/Desktop/ray/aide-parallel-public/src/aide_runner.py", line 532, in run_experiments
    result = ray.get(ref)
             ^^^^^^^^^^^^
  File "/home/matt/Desktop/ray/aide_parallel/venv-algotune/lib/python3.12/site-packages/ray/_private/auto_init_hook.py", line 22, in auto_init_wrapper
    return fn(*args, **kwargs)
           ^^^^^^^^^^^^^^^^^^^
  File "/home/matt/Desktop/ray/aide_parallel/venv-algotune/lib/python3.12/site-packages/ray/_private/client_mode_hook.py", line 104, in wrapper
    return func(*args, **kwargs)
           ^^^^^^^^^^^^^^^^^^^^^
  File "/home/matt/Desktop/ray/aide_parallel/venv-algotune/lib/python3.12/site-packages/ray/_private/worker.py", line 2972, in get
    values, debugger_breakpoint = worker.get_objects(
                                  ^^^^^^^^^^^^^^^^^^^
  File "/home/matt/Desktop/ray/aide_parallel/venv-algotune/lib/python3.12/site-packages/ray/_private/worker.py", line 1033, in get_objects
    raise value
ray.exceptions.ActorDiedError: The actor died unexpectedly before finishing this task.
	class_name: Experiment
	actor_id: 0f37277c96469865b08c29c010000000
	pid: 2161669
	namespace: aa04ba5c-18dd-42df-9b8f-677d4d287496
	ip: 192.168.0.105
The actor is dead because its owner has died. Owner Id: 10000000ffffffffffffffffffffffffffffffffffffffffffffffff Owner Ip address: 192.168.0.105 Owner worker exit type: SYSTEM_ERROR Worker exit detail: Owner's node has crashed.
